==== start rule learning ====
maximum of 34 rule learnt per class
model learnt 58 rules
Accuracy on training set after rule learning: 17.24%
==== start fuzzy set learning ====
Epoch 0: 18.41%
Epoch 5: 46.97%
Epoch 10: 52.72%
Epoch 15: 53.89%
Epoch 20: 51.71%
Epoch 25: 54.11%
Epoch 30: 53.43%
Epoch 35: 52.39%
Epoch 40: 53.65%
Epoch 45: 53.43%
Epoch 50: 53.59%
Epoch 55: 53.52%
Epoch 60: 53.25%
Epoch 65: 53.62%
Epoch 70: 52.79%
Epoch 75: 52.69%
Epoch 80: 53.49%
Epoch 85: 53.22%
Epoch 90: 52.08%
Epoch 95: 53.86%
Epoch 100: 51.34%
Epoch 105: 51.74%
Epoch 110: 52.57%
Epoch 115: 52.05%
Epoch 120: 53.46%
Epoch 125: 51.25%
Epoch 130: 53.89%
Best accuracy 55.09% at epoch 82
Accuracy on test set after fuzzy set learning: 55.94%